TN:
SF:src/app.ts
FN:10,hello
FN:16,createApolloServer
FNF:2
FNH:2
FNDA:2,hello
FNDA:3,createApolloServer
DA:1,1
DA:2,1
DA:6,1
DA:8,1
DA:9,1
DA:10,1
DA:11,1
DA:12,1
DA:16,1
DA:17,3
DA:19,3
DA:20,3
DA:21,3
DA:23,3
DA:24,3
DA:25,3
DA:26,3
DA:27,3
DA:28,3
DA:29,2
DA:30,1
DA:31,3
DA:32,3
DA:33,3
LF:24
LH:24
BRDA:10,0,0,2
BRDA:16,1,0,3
BRDA:21,2,0,2
BRDA:28,3,0,2
BRDA:29,4,0,1
BRF:5
BRH:5
end_of_record
TN:
SF:src/index.ts
FN:1,(empty-report)
FNF:1
FNH:0
FNDA:0,(empty-report)
DA:1,0
DA:2,0
DA:4,0
DA:6,0
DA:7,0
DA:9,0
DA:10,0
DA:11,0
DA:12,0
DA:14,0
DA:15,0
DA:16,0
DA:17,0
LF:13
LH:0
BRDA:1,0,0,0
BRF:1
BRH:0
end_of_record
